2023-08-22 16:17:03,385 - File uploaded: book_1.pdf by roll number: 205121102
2023-08-22 16:19:08,327 - User 205121102 logged out
2023-08-22 16:19:10,740 - User 205121102 logged in
2023-08-22 16:24:05,430 - File uploaded: 12.pdf by roll number: 205121102
2023-08-22 16:24:05,441 - File uploaded: 12_result.pdf by roll number: 205121102
2023-08-22 16:24:05,460 - File uploaded: LR.pdf by roll number: 205121102
2023-08-22 16:24:05,481 - File uploaded: CPC9-core.pdf by roll number: 205121102
2023-08-22 16:31:27,496 - User 205121102 logged out
2023-08-22 16:31:29,564 - User 205121102 logged in
2023-08-22 16:54:45,407 - File uploaded: CourseRegistrationForm.pdf by roll number: 205121102
2023-08-22 16:59:00,170 - File uploaded: book_2.pdf by roll number: 205121102
2023-08-22 17:09:23,435 - File uploaded: HostelFeeBill_1.pdf by roll number: 205121102
2023-08-22 17:09:23,462 - File uploaded: BMI-dec-2022_1.pdf by roll number: 205121102
2023-08-22 17:09:23,539 - File uploaded: book_2.pdf by roll number: 205121102
2023-08-22 17:09:23,657 - File uploaded: prizeMoney_1.pdf by roll number: 205121102
2023-08-22 17:09:23,755 - File uploaded: Fees_circular_EVEN_Semester_2022-23_1.pdf by roll number: 205121102
2023-08-22 17:19:46,835 - File uploaded: Brochure_CSEH_workshop_4.pdf by roll number: 205121102
2023-08-22 18:55:39,912 - File uploaded: HostelFeeBill_1.pdf by roll number: 205121102
2023-08-22 18:55:39,999 - File uploaded: BMI-dec-2022_1.pdf by roll number: 205121102
2023-08-22 18:55:40,017 - File uploaded: book_2.pdf by roll number: 205121102
2023-08-22 18:55:40,029 - File uploaded: prizeMoney_1.pdf by roll number: 205121102
2023-08-22 18:55:40,203 - File uploaded: Fees_circular_EVEN_Semester_2022-23_1.pdf by roll number: 205121102
2023-08-22 18:55:48,315 - File uploaded: sem-5-Hostel_Fees.pdf by roll number: 205121102
2023-08-22 18:55:48,505 - File uploaded: sem-5_hostel.pdf by roll number: 205121102
2023-08-22 18:55:48,572 - File uploaded: sem-5-Institute_Fees.pdf by roll number: 205121102
2023-08-22 18:55:48,578 - File uploaded: sem-5_institute.pdf by roll number: 205121102
2023-08-22 18:55:48,593 - File uploaded: https___www.onlinesbi.sbi_sbicollect_paymenthistory_paymenthistoryredirecturl.PDF by roll number: 205121102
2023-08-22 18:55:48,773 - File uploaded: institute_fees_sem-4.pdf by roll number: 205121102
2023-08-22 18:55:48,871 - File uploaded: application_sem5.pdf by roll number: 205121102
2023-08-22 18:55:48,937 - File uploaded: HOSTEL-FEES-ODD-SEM-2023-24.pdf by roll number: 205121102
2023-08-22 18:56:14,679 - File uploaded: SE_EndSem_QP_1.pdf by roll number: 205121102
2023-08-22 18:56:14,734 - File uploaded: SE_EndSem_QP_2.pdf by roll number: 205121102
2023-08-22 18:56:14,756 - File uploaded: SE_EndSem_QP_1.pdf by roll number: 205121102
2023-08-22 18:56:14,770 - File uploaded: prizeMoney_1.pdf by roll number: 205121102
2023-08-22 19:06:06,350 - File uploaded: HostelFeeBill_1.pdf by roll number: 205121102
2023-08-22 19:06:06,368 - File uploaded: BMI-dec-2022_1.pdf by roll number: 205121102
2023-08-22 19:06:06,379 - File uploaded: book_2.pdf by roll number: 205121102
2023-08-22 19:06:06,387 - File uploaded: prizeMoney_1.pdf by roll number: 205121102
2023-08-22 19:06:06,400 - File uploaded: Fees_circular_EVEN_Semester_2022-23_1.pdf by roll number: 205121102
2023-08-22 19:06:18,298 - File uploaded: 205121038_DeepakKushwah_Resume_1.pdf by roll number: 205121102
2023-08-22 19:06:18,311 - File uploaded: 205121038_Deepak_Singh_Kushwah_1.pdf by roll number: 205121102
2023-08-22 19:06:18,343 - File uploaded: problem_solving_basic_certificate_1.pdf by roll number: 205121102
2023-08-22 19:06:18,360 - File uploaded: ai-assgn2.pdf by roll number: 205121102
2023-08-22 19:35:30,201 - User 205121102 logged out
2023-08-22 19:35:38,190 - User 205121102 logged in
2023-08-22 19:57:03,157 - File uploaded: book_2_2.pdf by roll number: 205121102
2023-08-22 19:57:03,167 - File uploaded: https___www.onlinesbi.sbi_sbicollect_paymenthistory_paymenthistoryredirecturl_1.PDF by roll number: 205121102
2023-08-22 19:57:03,176 - File uploaded: Fees_circular_EVEN_Semester_2022-23_1.pdf by roll number: 205121102
2023-08-22 19:57:03,186 - File uploaded: application_sem5.pdf by roll number: 205121102
2023-08-22 19:57:03,196 - File uploaded: book_2_1.pdf by roll number: 205121102
2023-08-22 19:57:18,587 - File uploaded: 205121038_DeepakKushwah_Resume_1.pdf by roll number: 205121102
2023-08-22 19:57:18,596 - File uploaded: 205121038_Deepak_Singh_Kushwah_1.pdf by roll number: 205121102
2023-08-22 19:57:18,621 - File uploaded: problem_solving_basic_certificate_1.pdf by roll number: 205121102
2023-08-22 19:57:34,744 - File uploaded: https___www.onlinesbi.sbi_sbicollect_paymenthistory_paymenthistoryredirecturl_1.PDF by roll number: 205121102
2023-08-22 19:57:34,753 - File uploaded: Fees_circular_EVEN_Semester_2022-23_1.pdf by roll number: 205121102
2023-08-22 19:57:34,763 - File uploaded: application_sem5.pdf by roll number: 205121102
2023-08-22 19:57:34,782 - File uploaded: book_2_1.pdf by roll number: 205121102
2023-08-22 20:08:52,430 - File uploaded: https___www.onlinesbi.sbi_sbicollect_paymenthistory_paymenthistoryredirecturl_1.PDF by roll number: 205121102
2023-08-22 20:08:52,476 - File uploaded: Fees_circular_EVEN_Semester_2022-23_1.pdf by roll number: 205121102
2023-08-22 20:08:52,609 - File uploaded: application_sem5.pdf by roll number: 205121102
2023-08-22 20:08:52,637 - File uploaded: book_2_1.pdf by roll number: 205121102
2023-08-22 20:09:02,628 - File uploaded: https___www.onlinesbi.sbi_sbicollect_paymenthistory_paymenthistoryredirecturl_1.PDF by roll number: 205121102
2023-08-22 20:09:02,639 - File uploaded: Fees_circular_EVEN_Semester_2022-23_1.pdf by roll number: 205121102
2023-08-22 20:09:02,646 - File uploaded: application_sem5.pdf by roll number: 205121102
2023-08-22 20:09:26,736 - File uploaded: application_sem5.pdf by roll number: 205121102
2023-08-22 20:09:26,757 - File uploaded: book_2_1.pdf by roll number: 205121102
2023-08-22 20:09:42,307 - File uploaded: 205121038_DeepakKushwah_Resume_1.pdf by roll number: 205121102
2023-08-22 20:09:42,315 - File uploaded: 205121038_Deepak_Singh_Kushwah_1.pdf by roll number: 205121102
2023-08-22 20:09:42,341 - File uploaded: problem_solving_basic_certificate_1.pdf by roll number: 205121102
2023-08-22 20:12:55,730 - File uploaded: HostelFeeBill_1.pdf by roll number: 205121102
2023-08-22 21:24:40,796 - File uploaded: Fees_circular_EVEN_Semester_2022-23_1.pdf by roll number: 205121102
2023-08-22 21:25:04,613 - File uploaded: prizeMoney_1.pdf by roll number: 205121102
2023-08-22 21:26:05,971 - User 205121102 logged out
2023-08-22 21:26:24,978 - User 205121102 logged in
2023-08-22 21:52:50,337 - User 205121102 logged in
2023-08-22 21:58:00,852 - User 205121019 logged in
2023-08-22 21:58:10,850 - User 205121019 logged out
2023-08-22 21:58:17,509 - User 205121019 logged in
2023-08-22 21:59:49,902 - File uploaded: CIRCULAR-2023-24-ODD-SEM.pdf by roll number: 205121019
2023-08-22 21:59:49,910 - File uploaded: Institute-Bank-Details-for-Educational-Loan-2023.pdf by roll number: 205121019
2023-08-22 21:59:49,917 - File uploaded: MCA-Fee-Structure-2021-22-Batch-v2_1.pdf by roll number: 205121019
